<?xml version="1.0" encoding="UTF-8"?>
<!-- Generated by org.testng.reporters.JUnitReportReporter -->
<testsuite skipped="0" hostname="DIN66005793" name="testNgExamples.TestParameters" tests="2" failures="0" timestamp="21 Mar 2018 15:33:48 GMT" time="0.060" errors="0">
  <testcase name="testcaseOne" time="0.030" classname="testNgExamples.TestParameters"/>
  <testcase name="testcaseTwo" time="0.030" classname="testNgExamples.TestParameters"/>
</testsuite> <!-- testNgExamples.TestParameters -->
