<?xml version="1.0" encoding="UTF-8"?>
<!-- Generated by org.testng.reporters.JUnitReportReporter -->
<testsuite skipped="0" hostname="DIN66005793" name="guru99.Tests.Test99GuruLoginWithPageFactory" tests="1" failures="0" timestamp="19 Sep 2017 10:37:30 GMT" time="1.898" errors="0">
  <testcase name="test_Home_Page_Appear_Correct" time="1.898" classname="guru99.Tests.Test99GuruLoginWithPageFactory"/>
</testsuite> <!-- guru99.Tests.Test99GuruLoginWithPageFactory -->
