<?xml version="1.0" encoding="UTF-8"?>
<!-- Generated by org.testng.reporters.JUnitReportReporter -->
<testsuite skipped="0" hostname="DIN66005793" name="suite.Flipkart.AccessDropdown" tests="1" failures="0" timestamp="14 Dec 2017 09:26:06 GMT" time="6.938" errors="0">
  <testcase name="selectDropdownList" time="6.938" classname="suite.Flipkart.AccessDropdown"/>
</testsuite> <!-- suite.Flipkart.AccessDropdown -->
