<?xml version="1.0" encoding="UTF-8"?>
<!-- Generated by org.testng.reporters.JUnitReportReporter -->
<testsuite skipped="0" hostname="DIN66005793" name="suite.Flipkart.TakePrintScreen" tests="1" failures="0" timestamp="18 Dec 2017 11:46:14 GMT" time="21.794" errors="0">
  <testcase name="test" time="21.794" classname="suite.Flipkart.TakePrintScreen"/>
</testsuite> <!-- suite.Flipkart.TakePrintScreen -->
