<?xml version="1.0" encoding="UTF-8"?>
<!-- Generated by org.testng.reporters.JUnitReportReporter -->
<testsuite skipped="0" hostname="DIN66005793" name="suite.Flipkart.Flipkart" tests="1" failures="0" timestamp="19 Dec 2017 14:26:10 GMT" time="0.508" errors="0">
  <testcase name="Home" time="0.508" classname="suite.Flipkart.Flipkart"/>
</testsuite> <!-- suite.Flipkart.Flipkart -->
