<?xml version="1.0" encoding="UTF-8"?>
<!-- Generated by org.testng.reporters.JUnitReportReporter -->
<testsuite skipped="0" hostname="DIN66005793" name="suite.Flipkart.LMSExample" tests="2" failures="0" timestamp="22 Mar 2018 11:41:15 GMT" time="16.061" errors="0">
  <testcase name="LaunchLMS" time="7.285" classname="suite.Flipkart.LMSExample"/>
  <testcase name="ApplyLeaveForTwoDays" time="8.776" classname="suite.Flipkart.LMSExample"/>
</testsuite> <!-- suite.Flipkart.LMSExample -->
