<?xml version="1.0" encoding="UTF-8"?>
<!-- Generated by org.testng.reporters.JUnitReportReporter -->
<testsuite skipped="0" hostname="DIN66005793" name="suite.Flipkart.MouseInterations" tests="1" failures="0" timestamp="18 Dec 2017 14:52:22 GMT" time="9.857" errors="0">
  <testcase name="MouseCal" time="9.857" classname="suite.Flipkart.MouseInterations"/>
</testsuite> <!-- suite.Flipkart.MouseInterations -->
